I1218 09:40:01.379032 128623754153984 folding_input.py:1044] Detected /home/entropy/AF3_server_BZH/job_data/asdsadas.json is an AlphaFold 3 JSON since the top-level is not a list.
I1218 09:40:01.379032 128623754153984 folding_input.py:1044] Detected /home/entropy/AF3_server_BZH/job_data/asdsadas.json is an AlphaFold 3 JSON since the top-level is not a list.
I1218 09:40:01.994573 128623754153984 xla_bridge.py:895] Unable to initialize backend 'rocm': module 'jaxlib.xla_extension' has no attribute 'GpuAllocatorConfig'
I1218 09:40:01.994573 128623754153984 xla_bridge.py:895] Unable to initialize backend 'rocm': module 'jaxlib.xla_extension' has no attribute 'GpuAllocatorConfig'
I1218 09:40:01.997002 128623754153984 xla_bridge.py:895] Unable to initialize backend 'tpu': INTERNAL: Failed to open libtpu.so: libtpu.so: cannot open shared object file: No such file or directory
I1218 09:40:01.997002 128623754153984 xla_bridge.py:895] Unable to initialize backend 'tpu': INTERNAL: Failed to open libtpu.so: libtpu.so: cannot open shared object file: No such file or directory
I1218 09:40:06.322904 128623754153984 pipeline.py:40] Getting protein MSAs for sequence asdasdasdasdadadasdasdas
I1218 09:40:06.322904 128623754153984 pipeline.py:40] Getting protein MSAs for sequence asdasdasdasdadadasdasdas
I1218 09:40:06.324814 128593963247168 jackhmmer.py:78] Query sequence: asdasdasdasdadadasdasdas
I1218 09:40:06.324814 128593963247168 jackhmmer.py:78] Query sequence: asdasdasdasdadadasdasdas
I1218 09:40:06.325587 128593954854464 jackhmmer.py:78] Query sequence: asdasdasdasdadadasdasdas
I1218 09:40:06.325587 128593954854464 jackhmmer.py:78] Query sequence: asdasdasdasdadadasdasdas
I1218 09:40:06.326244 128593803867712 jackhmmer.py:78] Query sequence: asdasdasdasdadadasdasdas
I1218 09:40:06.326244 128593803867712 jackhmmer.py:78] Query sequence: asdasdasdasdadadasdasdas
I1218 09:40:06.326455 128593963247168 subprocess_utils.py:68] Launching subprocess "/hmmer/bin/jackhmmer -o /dev/null -A /tmp/tmp_4dvoiva/output.sto --noali --F1 0.0005 --F2 5e-05 --F3 5e-07 --cpu 8 -N 1 -E 0.0001 --incE 0.0001 /tmp/tmp_4dvoiva/query.fasta /opt/alphafold3_database/uniref90_2022_05.fa"
I1218 09:40:06.326455 128593963247168 subprocess_utils.py:68] Launching subprocess "/hmmer/bin/jackhmmer -o /dev/null -A /tmp/tmp_4dvoiva/output.sto --noali --F1 0.0005 --F2 5e-05 --F3 5e-07 --cpu 8 -N 1 -E 0.0001 --incE 0.0001 /tmp/tmp_4dvoiva/query.fasta /opt/alphafold3_database/uniref90_2022_05.fa"
I1218 09:40:06.327040 128593795475008 jackhmmer.py:78] Query sequence: asdasdasdasdadadasdasdas
I1218 09:40:06.327040 128593795475008 jackhmmer.py:78] Query sequence: asdasdasdasdadadasdasdas
I1218 09:40:06.327532 128593803867712 subprocess_utils.py:68] Launching subprocess "/hmmer/bin/jackhmmer -o /dev/null -A /tmp/tmp4s1lg7c7/output.sto --noali --F1 0.0005 --F2 5e-05 --F3 5e-07 --cpu 8 -N 1 -E 0.0001 --incE 0.0001 /tmp/tmp4s1lg7c7/query.fasta /opt/alphafold3_database/bfd-first_non_consensus_sequences.fasta"
I1218 09:40:06.327532 128593803867712 subprocess_utils.py:68] Launching subprocess "/hmmer/bin/jackhmmer -o /dev/null -A /tmp/tmp4s1lg7c7/output.sto --noali --F1 0.0005 --F2 5e-05 --F3 5e-07 --cpu 8 -N 1 -E 0.0001 --incE 0.0001 /tmp/tmp4s1lg7c7/query.fasta /opt/alphafold3_database/bfd-first_non_consensus_sequences.fasta"
I1218 09:40:06.327625 128593954854464 subprocess_utils.py:68] Launching subprocess "/hmmer/bin/jackhmmer -o /dev/null -A /tmp/tmpwkxc1kiq/output.sto --noali --F1 0.0005 --F2 5e-05 --F3 5e-07 --cpu 8 -N 1 -E 0.0001 --incE 0.0001 /tmp/tmpwkxc1kiq/query.fasta /opt/alphafold3_database/mgy_clusters_2022_05.fa"
I1218 09:40:06.327625 128593954854464 subprocess_utils.py:68] Launching subprocess "/hmmer/bin/jackhmmer -o /dev/null -A /tmp/tmpwkxc1kiq/output.sto --noali --F1 0.0005 --F2 5e-05 --F3 5e-07 --cpu 8 -N 1 -E 0.0001 --incE 0.0001 /tmp/tmpwkxc1kiq/query.fasta /opt/alphafold3_database/mgy_clusters_2022_05.fa"
I1218 09:40:06.328569 128593795475008 subprocess_utils.py:68] Launching subprocess "/hmmer/bin/jackhmmer -o /dev/null -A /tmp/tmps1noupr3/output.sto --noali --F1 0.0005 --F2 5e-05 --F3 5e-07 --cpu 8 -N 1 -E 0.0001 --incE 0.0001 /tmp/tmps1noupr3/query.fasta /opt/alphafold3_database/uniprot_all_2021_04.fa"
I1218 09:40:06.328569 128593795475008 subprocess_utils.py:68] Launching subprocess "/hmmer/bin/jackhmmer -o /dev/null -A /tmp/tmps1noupr3/output.sto --noali --F1 0.0005 --F2 5e-05 --F3 5e-07 --cpu 8 -N 1 -E 0.0001 --incE 0.0001 /tmp/tmps1noupr3/query.fasta /opt/alphafold3_database/uniprot_all_2021_04.fa"
I1218 09:41:29.239961 128593803867712 subprocess_utils.py:97] Finished Jackhmmer in 82.912 seconds
I1218 09:41:29.239961 128593803867712 subprocess_utils.py:97] Finished Jackhmmer in 82.912 seconds
