I1218 10:14:29.884149 136480604332032 folding_input.py:1044] Detected /home/entropy/AF3_server_BZH/job_data/dsafsadfafa.json is an AlphaFold 3 JSON since the top-level is not a list.
I1218 10:14:29.884149 136480604332032 folding_input.py:1044] Detected /home/entropy/AF3_server_BZH/job_data/dsafsadfafa.json is an AlphaFold 3 JSON since the top-level is not a list.
I1218 10:14:30.785729 136480604332032 xla_bridge.py:895] Unable to initialize backend 'rocm': module 'jaxlib.xla_extension' has no attribute 'GpuAllocatorConfig'
I1218 10:14:30.785729 136480604332032 xla_bridge.py:895] Unable to initialize backend 'rocm': module 'jaxlib.xla_extension' has no attribute 'GpuAllocatorConfig'
I1218 10:14:30.786859 136480604332032 xla_bridge.py:895] Unable to initialize backend 'tpu': INTERNAL: Failed to open libtpu.so: libtpu.so: cannot open shared object file: No such file or directory
I1218 10:14:30.786859 136480604332032 xla_bridge.py:895] Unable to initialize backend 'tpu': INTERNAL: Failed to open libtpu.so: libtpu.so: cannot open shared object file: No such file or directory
I1218 10:14:35.267728 136480604332032 pipeline.py:40] Getting protein MSAs for sequence asfsafasfafasfasfas
I1218 10:14:35.267728 136480604332032 pipeline.py:40] Getting protein MSAs for sequence asfsafasfafasfasfas
I1218 10:14:35.271281 136450750277184 jackhmmer.py:78] Query sequence: asfsafasfafasfasfas
I1218 10:14:35.271281 136450750277184 jackhmmer.py:78] Query sequence: asfsafasfafasfasfas
I1218 10:14:35.272933 136450741884480 jackhmmer.py:78] Query sequence: asfsafasfafasfasfas
I1218 10:14:35.272933 136450741884480 jackhmmer.py:78] Query sequence: asfsafasfafasfasfas
I1218 10:14:35.273264 136450733491776 jackhmmer.py:78] Query sequence: asfsafasfafasfasfas
I1218 10:14:35.273264 136450733491776 jackhmmer.py:78] Query sequence: asfsafasfafasfasfas
I1218 10:14:35.273622 136450750277184 subprocess_utils.py:68] Launching subprocess "/hmmer/bin/jackhmmer -o /dev/null -A /tmp/tmpbiffiu6s/output.sto --noali --F1 0.0005 --F2 5e-05 --F3 5e-07 --cpu 8 -N 1 -E 0.0001 --incE 0.0001 /tmp/tmpbiffiu6s/query.fasta /opt/alphafold3_database/uniref90_2022_05.fa"
I1218 10:14:35.273622 136450750277184 subprocess_utils.py:68] Launching subprocess "/hmmer/bin/jackhmmer -o /dev/null -A /tmp/tmpbiffiu6s/output.sto --noali --F1 0.0005 --F2 5e-05 --F3 5e-07 --cpu 8 -N 1 -E 0.0001 --incE 0.0001 /tmp/tmpbiffiu6s/query.fasta /opt/alphafold3_database/uniref90_2022_05.fa"
I1218 10:14:35.274622 136450725099072 jackhmmer.py:78] Query sequence: asfsafasfafasfasfas
I1218 10:14:35.274622 136450725099072 jackhmmer.py:78] Query sequence: asfsafasfafasfasfas
I1218 10:14:35.274954 136450741884480 subprocess_utils.py:68] Launching subprocess "/hmmer/bin/jackhmmer -o /dev/null -A /tmp/tmphxkzj9dq/output.sto --noali --F1 0.0005 --F2 5e-05 --F3 5e-07 --cpu 8 -N 1 -E 0.0001 --incE 0.0001 /tmp/tmphxkzj9dq/query.fasta /opt/alphafold3_database/mgy_clusters_2022_05.fa"
I1218 10:14:35.274954 136450741884480 subprocess_utils.py:68] Launching subprocess "/hmmer/bin/jackhmmer -o /dev/null -A /tmp/tmphxkzj9dq/output.sto --noali --F1 0.0005 --F2 5e-05 --F3 5e-07 --cpu 8 -N 1 -E 0.0001 --incE 0.0001 /tmp/tmphxkzj9dq/query.fasta /opt/alphafold3_database/mgy_clusters_2022_05.fa"
I1218 10:14:35.275145 136450733491776 subprocess_utils.py:68] Launching subprocess "/hmmer/bin/jackhmmer -o /dev/null -A /tmp/tmp213_jkrr/output.sto --noali --F1 0.0005 --F2 5e-05 --F3 5e-07 --cpu 8 -N 1 -E 0.0001 --incE 0.0001 /tmp/tmp213_jkrr/query.fasta /opt/alphafold3_database/bfd-first_non_consensus_sequences.fasta"
I1218 10:14:35.275145 136450733491776 subprocess_utils.py:68] Launching subprocess "/hmmer/bin/jackhmmer -o /dev/null -A /tmp/tmp213_jkrr/output.sto --noali --F1 0.0005 --F2 5e-05 --F3 5e-07 --cpu 8 -N 1 -E 0.0001 --incE 0.0001 /tmp/tmp213_jkrr/query.fasta /opt/alphafold3_database/bfd-first_non_consensus_sequences.fasta"
I1218 10:14:35.275969 136450725099072 subprocess_utils.py:68] Launching subprocess "/hmmer/bin/jackhmmer -o /dev/null -A /tmp/tmp_xof4xl0/output.sto --noali --F1 0.0005 --F2 5e-05 --F3 5e-07 --cpu 8 -N 1 -E 0.0001 --incE 0.0001 /tmp/tmp_xof4xl0/query.fasta /opt/alphafold3_database/uniprot_all_2021_04.fa"
I1218 10:14:35.275969 136450725099072 subprocess_utils.py:68] Launching subprocess "/hmmer/bin/jackhmmer -o /dev/null -A /tmp/tmp_xof4xl0/output.sto --noali --F1 0.0005 --F2 5e-05 --F3 5e-07 --cpu 8 -N 1 -E 0.0001 --incE 0.0001 /tmp/tmp_xof4xl0/query.fasta /opt/alphafold3_database/uniprot_all_2021_04.fa"
I1218 10:16:22.942783 136450733491776 subprocess_utils.py:97] Finished Jackhmmer in 107.668 seconds
I1218 10:16:22.942783 136450733491776 subprocess_utils.py:97] Finished Jackhmmer in 107.668 seconds
I1218 10:20:11.446441 136450750277184 subprocess_utils.py:97] Finished Jackhmmer in 336.173 seconds
I1218 10:20:11.446441 136450750277184 subprocess_utils.py:97] Finished Jackhmmer in 336.173 seconds
