I1218 10:06:51.865142 127928127741952 folding_input.py:1044] Detected /home/entropy/AF3_server_BZH/job_data/adasdsadad.json is an AlphaFold 3 JSON since the top-level is not a list.
I1218 10:06:51.865142 127928127741952 folding_input.py:1044] Detected /home/entropy/AF3_server_BZH/job_data/adasdsadad.json is an AlphaFold 3 JSON since the top-level is not a list.
I1218 10:06:52.478420 127928127741952 xla_bridge.py:895] Unable to initialize backend 'rocm': module 'jaxlib.xla_extension' has no attribute 'GpuAllocatorConfig'
I1218 10:06:52.478420 127928127741952 xla_bridge.py:895] Unable to initialize backend 'rocm': module 'jaxlib.xla_extension' has no attribute 'GpuAllocatorConfig'
I1218 10:06:52.479452 127928127741952 xla_bridge.py:895] Unable to initialize backend 'tpu': INTERNAL: Failed to open libtpu.so: libtpu.so: cannot open shared object file: No such file or directory
I1218 10:06:52.479452 127928127741952 xla_bridge.py:895] Unable to initialize backend 'tpu': INTERNAL: Failed to open libtpu.so: libtpu.so: cannot open shared object file: No such file or directory
I1218 10:06:56.780207 127928127741952 pipeline.py:40] Getting protein MSAs for sequence asdsadasdasdasdasdas
I1218 10:06:56.780207 127928127741952 pipeline.py:40] Getting protein MSAs for sequence asdsadasdasdasdasdas
I1218 10:06:56.783842 127898337928768 jackhmmer.py:78] Query sequence: asdsadasdasdasdasdas
I1218 10:06:56.783842 127898337928768 jackhmmer.py:78] Query sequence: asdsadasdasdasdasdas
I1218 10:06:56.785233 127898329536064 jackhmmer.py:78] Query sequence: asdsadasdasdasdasdas
I1218 10:06:56.785233 127898329536064 jackhmmer.py:78] Query sequence: asdsadasdasdasdasdas
I1218 10:06:56.787129 127898337928768 subprocess_utils.py:68] Launching subprocess "/hmmer/bin/jackhmmer -o /dev/null -A /tmp/tmpebi0n1hf/output.sto --noali --F1 0.0005 --F2 5e-05 --F3 5e-07 --cpu 8 -N 1 -E 0.0001 --incE 0.0001 /tmp/tmpebi0n1hf/query.fasta /opt/alphafold3_database/uniref90_2022_05.fa"
I1218 10:06:56.787129 127898337928768 subprocess_utils.py:68] Launching subprocess "/hmmer/bin/jackhmmer -o /dev/null -A /tmp/tmpebi0n1hf/output.sto --noali --F1 0.0005 --F2 5e-05 --F3 5e-07 --cpu 8 -N 1 -E 0.0001 --incE 0.0001 /tmp/tmpebi0n1hf/query.fasta /opt/alphafold3_database/uniref90_2022_05.fa"
I1218 10:06:56.787446 127898329536064 subprocess_utils.py:68] Launching subprocess "/hmmer/bin/jackhmmer -o /dev/null -A /tmp/tmpebbbwwxc/output.sto --noali --F1 0.0005 --F2 5e-05 --F3 5e-07 --cpu 8 -N 1 -E 0.0001 --incE 0.0001 /tmp/tmpebbbwwxc/query.fasta /opt/alphafold3_database/mgy_clusters_2022_05.fa"
I1218 10:06:56.787446 127898329536064 subprocess_utils.py:68] Launching subprocess "/hmmer/bin/jackhmmer -o /dev/null -A /tmp/tmpebbbwwxc/output.sto --noali --F1 0.0005 --F2 5e-05 --F3 5e-07 --cpu 8 -N 1 -E 0.0001 --incE 0.0001 /tmp/tmpebbbwwxc/query.fasta /opt/alphafold3_database/mgy_clusters_2022_05.fa"
I1218 10:06:56.787817 127898321143360 jackhmmer.py:78] Query sequence: asdsadasdasdasdasdas
I1218 10:06:56.787817 127898321143360 jackhmmer.py:78] Query sequence: asdsadasdasdasdasdas
I1218 10:06:56.788983 127898312750656 jackhmmer.py:78] Query sequence: asdsadasdasdasdasdas
I1218 10:06:56.788983 127898312750656 jackhmmer.py:78] Query sequence: asdsadasdasdasdasdas
I1218 10:06:56.790711 127898312750656 subprocess_utils.py:68] Launching subprocess "/hmmer/bin/jackhmmer -o /dev/null -A /tmp/tmpiz62ae_a/output.sto --noali --F1 0.0005 --F2 5e-05 --F3 5e-07 --cpu 8 -N 1 -E 0.0001 --incE 0.0001 /tmp/tmpiz62ae_a/query.fasta /opt/alphafold3_database/uniprot_all_2021_04.fa"
I1218 10:06:56.790711 127898312750656 subprocess_utils.py:68] Launching subprocess "/hmmer/bin/jackhmmer -o /dev/null -A /tmp/tmpiz62ae_a/output.sto --noali --F1 0.0005 --F2 5e-05 --F3 5e-07 --cpu 8 -N 1 -E 0.0001 --incE 0.0001 /tmp/tmpiz62ae_a/query.fasta /opt/alphafold3_database/uniprot_all_2021_04.fa"
I1218 10:06:56.791014 127898321143360 subprocess_utils.py:68] Launching subprocess "/hmmer/bin/jackhmmer -o /dev/null -A /tmp/tmp3lc41dvm/output.sto --noali --F1 0.0005 --F2 5e-05 --F3 5e-07 --cpu 8 -N 1 -E 0.0001 --incE 0.0001 /tmp/tmp3lc41dvm/query.fasta /opt/alphafold3_database/bfd-first_non_consensus_sequences.fasta"
I1218 10:06:56.791014 127898321143360 subprocess_utils.py:68] Launching subprocess "/hmmer/bin/jackhmmer -o /dev/null -A /tmp/tmp3lc41dvm/output.sto --noali --F1 0.0005 --F2 5e-05 --F3 5e-07 --cpu 8 -N 1 -E 0.0001 --incE 0.0001 /tmp/tmp3lc41dvm/query.fasta /opt/alphafold3_database/bfd-first_non_consensus_sequences.fasta"
