I1218 13:00:51.753597 126386684043264 folding_input.py:1044] Detected /home/entropy/AF3_server_BZH/job_data/sdfdasfdasfasfas.json is an AlphaFold 3 JSON since the top-level is not a list.
I1218 13:00:52.542381 126386684043264 xla_bridge.py:895] Unable to initialize backend 'rocm': module 'jaxlib.xla_extension' has no attribute 'GpuAllocatorConfig'
I1218 13:00:52.543684 126386684043264 xla_bridge.py:895] Unable to initialize backend 'tpu': INTERNAL: Failed to open libtpu.so: libtpu.so: cannot open shared object file: No such file or directory
I1218 13:00:58.645877 126386684043264 pipeline.py:40] Getting protein MSAs for sequence adsfafasfasfsafsdafsdafsfdsasfa
I1218 13:00:58.647932 126356763436608 jackhmmer.py:78] Query sequence: adsfafasfasfsafsdafsdafsfdsasfa
I1218 13:00:58.648802 126356755043904 jackhmmer.py:78] Query sequence: adsfafasfasfsafsdafsdafsfdsasfa
I1218 13:00:58.649553 126356746651200 jackhmmer.py:78] Query sequence: adsfafasfasfsafsdafsdafsfdsasfa
I1218 13:00:58.650084 126356763436608 subprocess_utils.py:68] Launching subprocess "/hmmer/bin/jackhmmer -o /dev/null -A /tmp/tmp4f0b7md9/output.sto --noali --F1 0.0005 --F2 5e-05 --F3 5e-07 --cpu 8 -N 1 -E 0.0001 --incE 0.0001 /tmp/tmp4f0b7md9/query.fasta /opt/alphafold3_database/uniref90_2022_05.fa"
I1218 13:00:58.650403 126356755043904 subprocess_utils.py:68] Launching subprocess "/hmmer/bin/jackhmmer -o /dev/null -A /tmp/tmp8wrec4hm/output.sto --noali --F1 0.0005 --F2 5e-05 --F3 5e-07 --cpu 8 -N 1 -E 0.0001 --incE 0.0001 /tmp/tmp8wrec4hm/query.fasta /opt/alphafold3_database/mgy_clusters_2022_05.fa"
I1218 13:00:58.651624 126356746651200 subprocess_utils.py:68] Launching subprocess "/hmmer/bin/jackhmmer -o /dev/null -A /tmp/tmp0wtpl_mp/output.sto --noali --F1 0.0005 --F2 5e-05 --F3 5e-07 --cpu 8 -N 1 -E 0.0001 --incE 0.0001 /tmp/tmp0wtpl_mp/query.fasta /opt/alphafold3_database/bfd-first_non_consensus_sequences.fasta"
I1218 13:00:58.651972 126356562114112 jackhmmer.py:78] Query sequence: adsfafasfasfsafsdafsdafsfdsasfa
I1218 13:00:58.652748 126356562114112 subprocess_utils.py:68] Launching subprocess "/hmmer/bin/jackhmmer -o /dev/null -A /tmp/tmpfpl4aztt/output.sto --noali --F1 0.0005 --F2 5e-05 --F3 5e-07 --cpu 8 -N 1 -E 0.0001 --incE 0.0001 /tmp/tmpfpl4aztt/query.fasta /opt/alphafold3_database/uniprot_all_2021_04.fa"
I1218 13:02:29.244357 126356746651200 subprocess_utils.py:97] Finished Jackhmmer in 90.593 seconds
I1218 13:08:44.550009 126356763436608 subprocess_utils.py:97] Finished Jackhmmer in 465.900 seconds
I1218 13:09:36.041486 126356562114112 subprocess_utils.py:97] Finished Jackhmmer in 517.389 seconds
I1218 13:13:42.710696 126356755043904 subprocess_utils.py:97] Finished Jackhmmer in 764.060 seconds
Traceback (most recent call last):
  File "/app/alphafold/run_alphafold.py", line 678, in <module>
Running AlphaFold 3. Please note that standard AlphaFold 3 model parameters are
only available under terms of use provided at
https://github.com/google-deepmind/alphafold3/blob/main/WEIGHTS_TERMS_OF_USE.md.
If you do not agree to these terms and are using AlphaFold 3 derived model
parameters, cancel execution of AlphaFold 3 inference with CTRL-C, and do not
use the model parameters.
Found local devices: [CudaDevice(id=0), CudaDevice(id=1), CudaDevice(id=2)]
Building model from scratch...
Processing 1 fold inputs.
Processing fold input sdfdasfdasfasfas
Checking we can load the model parameters...
Running data pipeline...
Processing chain A
    app.run(main)
  File "/alphafold3_venv/lib/python3.11/site-packages/absl/app.py", line 308, in run
    _run_main(main, args)
  File "/alphafold3_venv/lib/python3.11/site-packages/absl/app.py", line 254, in _run_main
    sys.exit(main(argv))
             ^^^^^^^^^^
  File "/app/alphafold/run_alphafold.py", line 663, in main
    process_fold_input(
  File "/app/alphafold/run_alphafold.py", line 529, in process_fold_input
    fold_input = pipeline.DataPipeline(data_pipeline_config).process(fold_input)
                 ^^^^^^^^^^^^^^^^^^^^^^^^^^^^^^^^^^^^^^^^^^^^^^^^^^^^^^^^^^^^^^^
  File "/alphafold3_venv/lib/python3.11/site-packages/alphafold3/data/pipeline.py", line 462, in process
    processed_chains.append(self.process_protein_chain(chain))
                            ^^^^^^^^^^^^^^^^^^^^^^^^^^^^^^^^^
  File "/alphafold3_venv/lib/python3.11/site-packages/alphafold3/data/pipeline.py", line 411, in process_protein_chain
    unpaired_msa, paired_msa, template_hits = _get_protein_msa_and_templates(
                                              ^^^^^^^^^^^^^^^^^^^^^^^^^^^^^^^
  File "/alphafold3_venv/lib/python3.11/site-packages/alphafold3/data/pipeline.py", line 69, in _get_protein_msa_and_templates
    uniref90_msa = uniref90_msa_future.result()
                   ^^^^^^^^^^^^^^^^^^^^^^^^^^^^
  File "/usr/lib/python3.11/concurrent/futures/_base.py", line 449, in result
    return self.__get_result()
           ^^^^^^^^^^^^^^^^^^^
  File "/usr/lib/python3.11/concurrent/futures/_base.py", line 401, in __get_result
    raise self._exception
  File "/usr/lib/python3.11/concurrent/futures/thread.py", line 58, in run
    result = self.fn(*self.args, **self.kwargs)
             ^^^^^^^^^^^^^^^^^^^^^^^^^^^^^^^^^^
  File "/alphafold3_venv/lib/python3.11/site-packages/alphafold3/data/msa.py", line 337, in get_msa
    return Msa.from_a3m(
           ^^^^^^^^^^^^^
  File "/alphafold3_venv/lib/python3.11/site-packages/alphafold3/data/msa.py", line 220, in from_a3m
    return cls(
           ^^^^
  File "/alphafold3_venv/lib/python3.11/site-packages/alphafold3/data/msa.py", line 108, in __init__
    raise ValueError(
ValueError: First MSA sequence ADSFAFASFASFSAFSDAFSDAFSFDSASFA is not the query_sequence='adsfafasfasfsafsdafsdafsfdsasfa'
