I0122 12:20:39.626464 133979783684096 folding_input.py:1044] Detected /home/entropy/AF3_server_BZH/job_data/asdsadadad.json is an AlphaFold 3 JSON since the top-level is not a list.
I0122 12:20:40.543568 133979783684096 xla_bridge.py:895] Unable to initialize backend 'rocm': module 'jaxlib.xla_extension' has no attribute 'GpuAllocatorConfig'
I0122 12:20:40.544742 133979783684096 xla_bridge.py:895] Unable to initialize backend 'tpu': INTERNAL: Failed to open libtpu.so: libtpu.so: cannot open shared object file: No such file or directory
2025-01-22 12:20:52.297091: W external/xla/xla/tsl/framework/bfc_allocator.cc:497] Allocator (GPU_0_bfc) ran out of memory trying to allocate 54.00MiB (rounded to 56623104)requested by op 
2025-01-22 12:20:52.297430: W external/xla/xla/tsl/framework/bfc_allocator.cc:508] ********************************************************_____**********************************xxxxx
E0122 12:20:52.297478       1 pjrt_stream_executor_client.cc:3084] Execution of replica 0 failed: RESOURCE_EXHAUSTED: Out of memory while trying to allocate 56623104 bytes.
Traceback (most recent call last):
  File "/app/alphafold/run_alphafold.py", line 678, in <module>
    app.run(main)
  File "/alphafold3_venv/lib/python3.11/site-packages/absl/app.py", line 308, in run
    _run_main(main, args)
  File "/alphafold3_venv/lib/python3.11/site-packages/absl/app.py", line 254, in _run_main
Running AlphaFold 3. Please note that standard AlphaFold 3 model parameters are
only available under terms of use provided at
https://github.com/google-deepmind/alphafold3/blob/main/WEIGHTS_TERMS_OF_USE.md.
If you do not agree to these terms and are using AlphaFold 3 derived model
parameters, cancel execution of AlphaFold 3 inference with CTRL-C, and do not
use the model parameters.
Found local devices: [CudaDevice(id=0), CudaDevice(id=1), CudaDevice(id=2)]
Building model from scratch...
Processing 1 fold inputs.
Processing fold input asdsadadad
Checking we can load the model parameters...
    sys.exit(main(argv))
             ^^^^^^^^^^
  File "/app/alphafold/run_alphafold.py", line 663, in main
    process_fold_input(
  File "/app/alphafold/run_alphafold.py", line 523, in process_fold_input
    _ = model_runner.model_params
        ^^^^^^^^^^^^^^^^^^^^^^^^^
  File "/usr/lib/python3.11/functools.py", line 1001, in __get__
    val = self.func(instance)
          ^^^^^^^^^^^^^^^^^^^
  File "/app/alphafold/run_alphafold.py", line 283, in model_params
    return params.get_model_haiku_params(model_dir=self._model_dir)
           ^^^^^^^^^^^^^^^^^^^^^^^^^^^^^^^^^^^^^^^^^^^^^^^^^^^^^^^^
  File "/alphafold3_venv/lib/python3.11/site-packages/alphafold3/model/params.py", line 207, in get_model_haiku_params
    params.setdefault(scope, {})[name] = jnp.array(arr)
                                         ^^^^^^^^^^^^^^
  File "/alphafold3_venv/lib/python3.11/site-packages/jax/_src/numpy/lax_numpy.py", line 5025, in array
    out_array: Array = lax_internal._convert_element_type(
                       ^^^^^^^^^^^^^^^^^^^^^^^^^^^^^^^^^^^
  File "/alphafold3_venv/lib/python3.11/site-packages/jax/_src/lax/lax.py", line 585, in _convert_element_type
    return convert_element_type_p.bind(
           ^^^^^^^^^^^^^^^^^^^^^^^^^^^^
  File "/alphafold3_venv/lib/python3.11/site-packages/jax/_src/lax/lax.py", line 2865, in _convert_element_type_bind
    operand = core.Primitive.bind(convert_element_type_p, operand,
              ^^^^^^^^^^^^^^^^^^^^^^^^^^^^^^^^^^^^^^^^^^^^^^^^^^^^
  File "/alphafold3_venv/lib/python3.11/site-packages/jax/_src/core.py", line 438, in bind
    return self.bind_with_trace(find_top_trace(args), args, params)
           ^^^^^^^^^^^^^^^^^^^^^^^^^^^^^^^^^^^^^^^^^^^^^^^^^^^^^^^^
  File "/alphafold3_venv/lib/python3.11/site-packages/jax/_src/core.py", line 442, in bind_with_trace
    out = trace.process_primitive(self, map(trace.full_raise, args), params)
          ^^^^^^^^^^^^^^^^^^^^^^^^^^^^^^^^^^^^^^^^^^^^^^^^^^^^^^^^^^^^^^^^^^
  File "/alphafold3_venv/lib/python3.11/site-packages/jax/_src/core.py", line 948, in process_primitive
    return primitive.impl(*tracers, **params)
           ^^^^^^^^^^^^^^^^^^^^^^^^^^^^^^^^^^
  File "/alphafold3_venv/lib/python3.11/site-packages/jax/_src/dispatch.py", line 90, in apply_primitive
    outs = fun(*args)
           ^^^^^^^^^^
jaxlib.xla_extension.XlaRuntimeError: RESOURCE_EXHAUSTED: Out of memory while trying to allocate 56623104 bytes.
--------------------
For simplicity, JAX has removed its internal frames from the traceback of the following exception. Set JAX_TRACEBACK_FILTERING=off to include these.
